-------------------------------------------------------------------------------
Test set: br.com.azi.patrimoniomobiliario.domain.usecase.movimentacao.interna.devolucaoalmoxarifado.FinalizarMovimentacaoDevolucaoAlmoxarifadoUseCaseTest
-------------------------------------------------------------------------------
Tests run: 12, Failures: 0, Errors: 0, Skipped: 0, Time elapsed: 0.033 s - in br.com.azi.patrimoniomobiliario.domain.usecase.movimentacao.interna.devolucaoalmoxarifado.FinalizarMovimentacaoDevolucaoAlmoxarifadoUseCaseTest
