-------------------------------------------------------------------------------
Test set: br.com.azi.patrimoniomobiliario.domain.usecase.movimentacao.interna.relatorios.memorando.GerarMemorandoMovimentacaoInternaEmElaboracaoUseCaseTest
-------------------------------------------------------------------------------
Tests run: 6, Failures: 0, Errors: 0, Skipped: 0, Time elapsed: 0.03 s - in br.com.azi.patrimoniomobiliario.domain.usecase.movimentacao.interna.relatorios.memorando.GerarMemorandoMovimentacaoInternaEmElaboracaoUseCaseTest
