-------------------------------------------------------------------------------
Test set: br.com.azi.patrimoniomobiliario.domain.usecase.patrimonio.listagemestornados.BuscarPatrimoniosEstornadosPorIncorporacaoUseCaseTest
-------------------------------------------------------------------------------
Tests run: 2, Failures: 0, Errors: 0, Skipped: 0, Time elapsed: 0.064 s - in br.com.azi.patrimoniomobiliario.domain.usecase.patrimonio.listagemestornados.BuscarPatrimoniosEstornadosPorIncorporacaoUseCaseTest
