-------------------------------------------------------------------------------
Test set: br.com.azi.patrimoniomobiliario.domain.usecase.configuracao.reserva.intervalo.relatorios.termoresponsabilidade.GerarTermoGuardaResponsabilidadeReservaUseCaseTest
-------------------------------------------------------------------------------
Tests run: 7, Failures: 0, Errors: 0, Skipped: 0, Time elapsed: 0.115 s - in br.com.azi.patrimoniomobiliario.domain.usecase.configuracao.reserva.intervalo.relatorios.termoresponsabilidade.GerarTermoGuardaResponsabilidadeReservaUseCaseTest
