-------------------------------------------------------------------------------
Test set: br.com.azi.patrimoniomobiliario.domain.usecase.configuracao.reserva.global.intervalo.BuscarProximoNumeroReservaIntervaloUseCaseTest
-------------------------------------------------------------------------------
Tests run: 11, Failures: 0, Errors: 0, Skipped: 0, Time elapsed: 0.026 s - in br.com.azi.patrimoniomobiliario.domain.usecase.configuracao.reserva.global.intervalo.BuscarProximoNumeroReservaIntervaloUseCaseTest
