-------------------------------------------------------------------------------
Test set: br.com.azi.patrimoniomobiliario.domain.usecase.patrimonio.buscarporitemincorporacao.BuscarPatrimoniosPorItemIncorporacaoUseCaseTest
-------------------------------------------------------------------------------
Tests run: 4, Failures: 0, Errors: 0, Skipped: 0, Time elapsed: 0.026 s - in br.com.azi.patrimoniomobiliario.domain.usecase.patrimonio.buscarporitemincorporacao.BuscarPatrimoniosPorItemIncorporacaoUseCaseTest
