-------------------------------------------------------------------------------
Test set: br.com.azi.patrimoniomobiliario.domain.usecase.patrimonio.listagemporincorporacao.converter.BuscarPatrimoniosIncorporacaoOutputDataConverterTest
-------------------------------------------------------------------------------
Tests run: 1, Failures: 0, Errors: 0, Skipped: 0, Time elapsed: 0.001 s - in br.com.azi.patrimoniomobiliario.domain.usecase.patrimonio.listagemporincorporacao.converter.BuscarPatrimoniosIncorporacaoOutputDataConverterTest
