-------------------------------------------------------------------------------
Test set: br.com.azi.patrimoniomobiliario.domain.usecase.movimentacao.interna.temporaria.BuscarPatrimoniosDevolucaoMovimentacaoTemporariaUseCaseTest
-------------------------------------------------------------------------------
Tests run: 7, Failures: 0, Errors: 0, Skipped: 0, Time elapsed: 0.027 s - in br.com.azi.patrimoniomobiliario.domain.usecase.movimentacao.interna.temporaria.BuscarPatrimoniosDevolucaoMovimentacaoTemporariaUseCaseTest
