-------------------------------------------------------------------------------
Test set: br.com.azi.patrimoniomobiliario.domain.usecase.movimentacao.interna.entreestoques.FinalizarMovimentacaoEntreEstoquesUseCaseTest
-------------------------------------------------------------------------------
Tests run: 10, Failures: 0, Errors: 0, Skipped: 0, Time elapsed: 0.04 s - in br.com.azi.patrimoniomobiliario.domain.usecase.movimentacao.interna.entreestoques.FinalizarMovimentacaoEntreEstoquesUseCaseTest
