-------------------------------------------------------------------------------
Test set: br.com.azi.patrimoniomobiliario.domain.usecase.movimentacao.interna.distribuicao.edicao.converter.EditarDistribuicaoOutputDataConverterTest
-------------------------------------------------------------------------------
Tests run: 1, Failures: 0, Errors: 0, Skipped: 0, Time elapsed: 0.004 s - in br.com.azi.patrimoniomobiliario.domain.usecase.movimentacao.interna.distribuicao.edicao.converter.EditarDistribuicaoOutputDataConverterTest
