-------------------------------------------------------------------------------
Test set: br.com.azi.patrimoniomobiliario.domain.usecase.configuracao.reserva.pororgao.BuscarProximoIntervaloDisponivelPorOrgaoUseCaseTest
-------------------------------------------------------------------------------
Tests run: 7, Failures: 0, Errors: 0, Skipped: 0, Time elapsed: 0.025 s - in br.com.azi.patrimoniomobiliario.domain.usecase.configuracao.reserva.pororgao.BuscarProximoIntervaloDisponivelPorOrgaoUseCaseTest
