-------------------------------------------------------------------------------
Test set: br.com.azi.patrimoniomobiliario.domain.usecase.configuracao.reconhecimento.cadastro.exception.ReconhecimentoJaCadastradoExceptionTest
-------------------------------------------------------------------------------
Tests run: 2, Failures: 0, Errors: 0, Skipped: 0, Time elapsed: 0.001 s - in br.com.azi.patrimoniomobiliario.domain.usecase.configuracao.reconhecimento.cadastro.exception.ReconhecimentoJaCadastradoExceptionTest
