-------------------------------------------------------------------------------
Test set: br.com.azi.patrimoniomobiliario.domain.usecase.movimentacao.interna.visualizacao.buscarporid.BuscarFichaMovimentacaoPorIdUseCaseTest
-------------------------------------------------------------------------------
Tests run: 3, Failures: 0, Errors: 0, Skipped: 0, Time elapsed: 0.01 s - in br.com.azi.patrimoniomobiliario.domain.usecase.movimentacao.interna.visualizacao.buscarporid.BuscarFichaMovimentacaoPorIdUseCaseTest
