-------------------------------------------------------------------------------
Test set: br.com.azi.patrimoniomobiliario.domain.usecase.movimentacao.interna.distribuicao.finalizacao.finalizar.FinalizarDistribuicaoUseCaseTest
-------------------------------------------------------------------------------
Tests run: 16, Failures: 0, Errors: 0, Skipped: 0, Time elapsed: 0.049 s - in br.com.azi.patrimoniomobiliario.domain.usecase.movimentacao.interna.distribuicao.finalizacao.finalizar.FinalizarDistribuicaoUseCaseTest
