-------------------------------------------------------------------------------
Test set: br.com.azi.patrimoniomobiliario.domain.usecase.movimentacao.interna.relatorios.memorando.GerarMemorandoMovimentacaoInternaFinalizadaUseCaseTest
-------------------------------------------------------------------------------
Tests run: 5, Failures: 0, Errors: 0, Skipped: 0, Time elapsed: 0.077 s - in br.com.azi.patrimoniomobiliario.domain.usecase.movimentacao.interna.relatorios.memorando.GerarMemorandoMovimentacaoInternaFinalizadaUseCaseTest
